2026/04/12 17:46:55 [FATAL] unable to save celebrities from JSON
2026/04/12 17:48:59 [FATAL] unable to save celebrities from JSON
2026/04/12 17:51:07 [LOG] saved celebritites to JSON
2026/04/12 17:53:50 [LOG] saved to JSON at 2026-04-12 17:53:50.1503564 +0300 +03 m=+163.041327501
2026/04/12 17:53:50 [LOG] updated id 2
2026/04/12 17:53:50 [LOG] saved to JSON at 2026-04-12 17:53:50.151025 +0300 +03 m=+163.041996101
2026/04/12 17:53:50 [LOG] saved to JSON at 2026-04-12 17:53:50.2059499 +0300 +03 m=+163.096921001
2026/04/12 17:53:50 [LOG] deleted id 2
2026/04/12 17:53:50 [LOG] saved to JSON at 2026-04-12 17:53:50.2065652 +0300 +03 m=+163.097536301
2026/04/12 17:55:46 [LOG] saved to JSON at 2026-04-12 17:55:46.3593385 +0300 +03 m=+279.250309601
2026/04/12 17:55:46 [LOG] updated id 2
2026/04/12 17:55:46 [LOG] saved to JSON at 2026-04-12 17:55:46.3713006 +0300 +03 m=+279.262271701
2026/04/12 17:55:46 [LOG] saved to JSON at 2026-04-12 17:55:46.3970541 +0300 +03 m=+279.288025201
2026/04/12 17:55:46 [LOG] deleted id 2
2026/04/12 17:55:46 [LOG] saved to JSON at 2026-04-12 17:55:46.3976319 +0300 +03 m=+279.288603001
2026/04/12 17:56:32 [LOG] created id 1
2026/04/12 17:56:32 [LOG] saved to JSON at 2026-04-12 17:56:32.2725021 +0300 +03 m=+325.163473201
2026/04/12 17:56:32 [LOG] created id 2
2026/04/12 17:56:32 [LOG] saved to JSON at 2026-04-12 17:56:32.312419 +0300 +03 m=+325.203390101
2026/04/12 17:56:32 [LOG] saved to JSON at 2026-04-12 17:56:32.3916317 +0300 +03 m=+325.282602801
2026/04/12 17:56:32 [LOG] updated id 2
2026/04/12 17:56:32 [LOG] saved to JSON at 2026-04-12 17:56:32.3921418 +0300 +03 m=+325.283112901
2026/04/12 17:56:32 [LOG] saved to JSON at 2026-04-12 17:56:32.421897 +0300 +03 m=+325.312868101
2026/04/12 17:56:32 [LOG] deleted id 2
2026/04/12 17:56:32 [LOG] saved to JSON at 2026-04-12 17:56:32.421897 +0300 +03 m=+325.312868101
2026/04/12 17:56:50 [LOG] created id 3
2026/04/12 17:56:50 [LOG] saved to JSON at 2026-04-12 17:56:50.3291967 +0300 +03 m=+343.220167801
2026/04/12 17:56:50 [LOG] created id 4
2026/04/12 17:56:50 [LOG] saved to JSON at 2026-04-12 17:56:50.3836505 +0300 +03 m=+343.274621601
2026/04/12 17:56:50 [LOG] saved to JSON at 2026-04-12 17:56:50.4615478 +0300 +03 m=+343.352518901
2026/04/12 17:56:50 [LOG] updated id 2
2026/04/12 17:56:50 [LOG] saved to JSON at 2026-04-12 17:56:50.4616344 +0300 +03 m=+343.352605501
2026/04/12 17:56:50 [LOG] saved to JSON at 2026-04-12 17:56:50.4894735 +0300 +03 m=+343.380444601
2026/04/12 17:56:50 [LOG] deleted id 2
2026/04/12 17:56:50 [LOG] saved to JSON at 2026-04-12 17:56:50.4897561 +0300 +03 m=+343.380727201
2026/04/13 08:19:04 [LOG] saved celebritites to JSON
