2026/04/12 22:36:54 [LOG] Sum: 5.05 + 3.33 = 8.38 (prec: 2)
2026/04/12 22:45:46 [LOG] Sum: 5.05 + 3.33 = 8.38 (prec: 2)
2026/04/12 22:45:46 [LOG] Sub: 5.05 - 3.33 = 1.72 (prec: 2)
2026/04/12 22:45:46 [LOG] Mul: 5.05 * 3.33 = 16.82 (prec: 2)
2026/04/12 22:45:46 [LOG] Div: 5.05 / 3.33 = 1.52 (prec: 2)
2026/04/12 22:45:46 [LOG] Sum: 5.05 + 3.33 = 8.38 (prec: 2)
2026/04/12 22:45:46 [LOG] Sub: 5.05 - 3.33 = 1.72 (prec: 2)
2026/04/12 22:45:46 [LOG] Mul: 5.05 * 3.33 = 16.82 (prec: 2)
2026/04/12 22:45:46 [LOG] Div: 5.05 / 3.33 = 1.52 (prec: 2)
2026/04/12 22:45:46 [LOG] Precision set to 3
2026/04/12 22:45:46 [LOG] Sum: 5.05 + 3.33 = 8.38 (prec: 3)
2026/04/12 22:45:46 [LOG] Sub: 5.05 - 3.33 = 1.72 (prec: 3)
2026/04/12 22:45:47 [LOG] Mul: 5.05 * 3.33 = 16.817 (prec: 3)
2026/04/12 22:45:47 [LOG] Div: 5.05 / 3.33 = 1.517 (prec: 3)
2026/04/12 22:45:47 [LOG] Precision set to 1
2026/04/12 22:45:47 [LOG] Sum: 5.05 + 3.33 = 8.4 (prec: 1)
2026/04/12 22:45:47 [LOG] Sub: 5.05 - 3.33 = 1.7 (prec: 1)
2026/04/12 22:45:47 [LOG] Mul: 5.05 * 3.33 = 16.8 (prec: 1)
2026/04/12 22:45:47 [LOG] Div: 5.05 / 3.33 = 1.5 (prec: 1)
2026/04/12 23:13:51 [LOG] Sum: 5.05 + 3.33 = 8.38 (prec: 2)
2026/04/12 23:13:51 [LOG] Sub: 5.05 - 3.33 = 1.72 (prec: 2)
2026/04/12 23:13:51 [LOG] Mul: 5.05 * 3.33 = 16.82 (prec: 2)
2026/04/12 23:13:51 [LOG] Div: 5.05 / 3.33 = 1.52 (prec: 2)
2026/04/12 23:13:51 [LOG] Sum: 5.05 + 3.33 = 8.38 (prec: 2)
2026/04/12 23:13:51 [LOG] Sub: 5.05 - 3.33 = 1.72 (prec: 2)
2026/04/12 23:13:51 [LOG] Mul: 5.05 * 3.33 = 16.82 (prec: 2)
2026/04/12 23:13:51 [LOG] Div: 5.05 / 3.33 = 1.52 (prec: 2)
2026/04/12 23:13:51 [LOG] Precision set to 3
2026/04/12 23:13:51 [LOG] Sum: 5.05 + 3.33 = 8.38 (prec: 3)
2026/04/12 23:13:51 [LOG] Sub: 5.05 - 3.33 = 1.72 (prec: 3)
2026/04/12 23:13:51 [LOG] Mul: 5.05 * 3.33 = 16.817 (prec: 3)
2026/04/12 23:13:51 [LOG] Div: 5.05 / 3.33 = 1.517 (prec: 3)
2026/04/12 23:13:51 [LOG] Precision set to 1
2026/04/12 23:13:51 [LOG] Sum: 5.05 + 3.33 = 8.4 (prec: 1)
2026/04/12 23:13:51 [LOG] Sub: 5.05 - 3.33 = 1.7 (prec: 1)
2026/04/12 23:13:51 [LOG] Mul: 5.05 * 3.33 = 16.8 (prec: 1)
2026/04/12 23:13:51 [LOG] Div: 5.05 / 3.33 = 1.5 (prec: 1)
2026/04/12 23:13:51 [LOG] Precision set to 4
2026/04/12 23:13:51 [LOG] Sum: 5.05 + 3.33 = 8.38 (prec: 4)
2026/04/12 23:13:51 [LOG] Sub: 5.05 - 3.33 = 1.72 (prec: 4)
2026/04/12 23:13:51 [LOG] Mul: 5.05 * 3.33 = 16.8165 (prec: 4)
2026/04/12 23:13:51 [LOG] Div: 5.05 / 3.33 = 1.5165 (prec: 4)
2026/04/27 08:11:04 [LOG] Sum: 5.05 + 3.33 = 8.38 (prec: 2)
2026/04/27 08:11:04 [LOG] Sub: 5.05 - 3.33 = 1.72 (prec: 2)
2026/04/27 08:11:04 [LOG] Mul: 5.05 * 3.33 = 16.82 (prec: 2)
2026/04/27 08:11:04 [LOG] Div: 5.05 / 3.33 = 1.52 (prec: 2)
2026/04/27 08:11:04 [LOG] Sum: 5.05 + 3.33 = 8.38 (prec: 2)
2026/04/27 08:11:04 [LOG] Sub: 5.05 - 3.33 = 1.72 (prec: 2)
2026/04/27 08:11:04 [LOG] Mul: 5.05 * 3.33 = 16.82 (prec: 2)
2026/04/27 08:11:04 [LOG] Div: 5.05 / 3.33 = 1.52 (prec: 2)
2026/04/27 08:11:04 [LOG] Precision set to 3
2026/04/27 08:11:04 [LOG] Sum: 5.05 + 3.33 = 8.38 (prec: 3)
2026/04/27 08:11:04 [LOG] Sub: 5.05 - 3.33 = 1.72 (prec: 3)
2026/04/27 08:11:04 [LOG] Mul: 5.05 * 3.33 = 16.817 (prec: 3)
2026/04/27 08:11:04 [LOG] Div: 5.05 / 3.33 = 1.517 (prec: 3)
2026/04/27 08:11:04 [LOG] Precision set to 1
2026/04/27 08:11:04 [LOG] Sum: 5.05 + 3.33 = 8.4 (prec: 1)
2026/04/27 08:11:04 [LOG] Sub: 5.05 - 3.33 = 1.7 (prec: 1)
2026/04/27 08:11:05 [LOG] Mul: 5.05 * 3.33 = 16.8 (prec: 1)
2026/04/27 08:11:05 [LOG] Div: 5.05 / 3.33 = 1.5 (prec: 1)
2026/04/27 08:11:05 [LOG] Precision set to 4
2026/04/27 08:11:05 [LOG] Sum: 5.05 + 3.33 = 8.38 (prec: 4)
2026/04/27 08:11:05 [LOG] Sub: 5.05 - 3.33 = 1.72 (prec: 4)
2026/04/27 08:11:05 [LOG] Mul: 5.05 * 3.33 = 16.8165 (prec: 4)
2026/04/27 08:11:05 [LOG] Div: 5.05 / 3.33 = 1.5165 (prec: 4)
2026/04/27 08:11:53 [LOG] Sum: 5.05 + 3.33 = 8.38 (prec: 4)
2026/04/27 08:11:53 [LOG] Sub: 5.05 - 3.33 = 1.72 (prec: 4)
2026/04/27 08:11:53 [LOG] Mul: 5.05 * 3.33 = 16.8165 (prec: 4)
2026/04/27 08:11:53 [LOG] Div: 5.05 / 3.33 = 1.5165 (prec: 4)
2026/04/27 08:11:53 [LOG] Sum: 5.05 + 3.33 = 8.38 (prec: 4)
2026/04/27 08:11:53 [LOG] Sub: 5.05 - 3.33 = 1.72 (prec: 4)
2026/04/27 08:11:54 [LOG] Mul: 5.05 * 3.33 = 16.8165 (prec: 4)
2026/04/27 08:11:54 [LOG] Div: 5.05 / 3.33 = 1.5165 (prec: 4)
2026/04/27 08:11:54 [LOG] Precision set to 3
2026/04/27 08:11:54 [LOG] Sum: 5.05 + 3.33 = 8.38 (prec: 3)
2026/04/27 08:11:54 [LOG] Sub: 5.05 - 3.33 = 1.72 (prec: 3)
2026/04/27 08:11:54 [LOG] Mul: 5.05 * 3.33 = 16.817 (prec: 3)
2026/04/27 08:11:54 [LOG] Div: 5.05 / 3.33 = 1.517 (prec: 3)
2026/04/27 08:11:54 [LOG] Precision set to 1
2026/04/27 08:11:54 [LOG] Sum: 5.05 + 3.33 = 8.4 (prec: 1)
2026/04/27 08:11:54 [LOG] Sub: 5.05 - 3.33 = 1.7 (prec: 1)
2026/04/27 08:11:54 [LOG] Mul: 5.05 * 3.33 = 16.8 (prec: 1)
2026/04/27 08:11:54 [LOG] Div: 5.05 / 3.33 = 1.5 (prec: 1)
2026/04/27 08:11:54 [LOG] Precision set to 4
2026/04/27 08:11:54 [LOG] Sum: 5.05 + 3.33 = 8.38 (prec: 4)
2026/04/27 08:11:54 [LOG] Sub: 5.05 - 3.33 = 1.72 (prec: 4)
2026/04/27 08:11:54 [LOG] Mul: 5.05 * 3.33 = 16.8165 (prec: 4)
2026/04/27 08:11:54 [LOG] Div: 5.05 / 3.33 = 1.5165 (prec: 4)
2026/04/27 08:14:43 [LOG] Sum: 5.05 + 3.33 = 8.38 (prec: 2)
2026/04/27 08:14:43 [LOG] Sub: 5.05 - 3.33 = 1.72 (prec: 2)
2026/04/27 08:14:43 [LOG] Mul: 5.05 * 3.33 = 16.82 (prec: 2)
2026/04/27 08:14:43 [LOG] Div: 5.05 / 3.33 = 1.52 (prec: 2)
2026/04/27 08:14:43 [LOG] Sum: 5.05 + 3.33 = 8.38 (prec: 2)
2026/04/27 08:14:43 [LOG] Sub: 5.05 - 3.33 = 1.72 (prec: 2)
2026/04/27 08:14:43 [LOG] Mul: 5.05 * 3.33 = 16.82 (prec: 2)
2026/04/27 08:14:43 [LOG] Div: 5.05 / 3.33 = 1.52 (prec: 2)
2026/04/27 08:14:43 [LOG] Precision set to 3
2026/04/27 08:14:43 [LOG] Sum: 5.05 + 3.33 = 8.38 (prec: 3)
2026/04/27 08:14:43 [LOG] Sub: 5.05 - 3.33 = 1.72 (prec: 3)
2026/04/27 08:14:43 [LOG] Mul: 5.05 * 3.33 = 16.817 (prec: 3)
2026/04/27 08:14:43 [LOG] Div: 5.05 / 3.33 = 1.517 (prec: 3)
2026/04/27 08:14:43 [LOG] Precision set to 1
2026/04/27 08:14:43 [LOG] Sum: 5.05 + 3.33 = 8.4 (prec: 1)
2026/04/27 08:14:43 [LOG] Sub: 5.05 - 3.33 = 1.7 (prec: 1)
2026/04/27 08:14:43 [LOG] Mul: 5.05 * 3.33 = 16.8 (prec: 1)
2026/04/27 08:14:43 [LOG] Div: 5.05 / 3.33 = 1.5 (prec: 1)
2026/04/27 08:14:43 [LOG] Precision set to 4
2026/04/27 08:14:43 [LOG] Sum: 5.05 + 3.33 = 8.38 (prec: 4)
2026/04/27 08:14:43 [LOG] Sub: 5.05 - 3.33 = 1.72 (prec: 4)
2026/04/27 08:14:43 [LOG] Mul: 5.05 * 3.33 = 16.8165 (prec: 4)
2026/04/27 08:14:43 [LOG] Div: 5.05 / 3.33 = 1.5165 (prec: 4)
2026/04/27 08:16:32 [LOG] Sum: 5.05 + 3.33 = 8.38 (prec: 2)
2026/04/27 08:16:32 [LOG] Sub: 5.05 - 3.33 = 1.72 (prec: 2)
2026/04/27 08:16:32 [LOG] Mul: 5.05 * 3.33 = 16.82 (prec: 2)
2026/04/27 08:16:32 [LOG] Div: 5.05 / 3.33 = 1.52 (prec: 2)
2026/04/27 08:16:32 [LOG] Sum: 5.05 + 3.33 = 8.38 (prec: 2)
2026/04/27 08:16:32 [LOG] Sub: 5.05 - 3.33 = 1.72 (prec: 2)
2026/04/27 08:16:32 [LOG] Mul: 5.05 * 3.33 = 16.82 (prec: 2)
2026/04/27 08:16:32 [LOG] Div: 5.05 / 3.33 = 1.52 (prec: 2)
2026/04/27 08:16:32 [LOG] Precision set to 3
2026/04/27 08:16:33 [LOG] Sum: 5.05 + 3.33 = 8.38 (prec: 3)
2026/04/27 08:16:33 [LOG] Sub: 5.05 - 3.33 = 1.72 (prec: 3)
2026/04/27 08:16:33 [LOG] Mul: 5.05 * 3.33 = 16.817 (prec: 3)
2026/04/27 08:16:33 [LOG] Div: 5.05 / 3.33 = 1.517 (prec: 3)
2026/04/27 08:16:33 [LOG] Precision set to 1
2026/04/27 08:16:33 [LOG] Sum: 5.05 + 3.33 = 8.4 (prec: 1)
2026/04/27 08:16:33 [LOG] Sub: 5.05 - 3.33 = 1.7 (prec: 1)
2026/04/27 08:16:33 [LOG] Mul: 5.05 * 3.33 = 16.8 (prec: 1)
2026/04/27 08:16:33 [LOG] Div: 5.05 / 3.33 = 1.5 (prec: 1)
2026/04/27 08:16:33 [LOG] Precision set to 4
2026/04/27 08:16:33 [LOG] Sum: 5.05 + 3.33 = 8.38 (prec: 4)
2026/04/27 08:16:33 [LOG] Sub: 5.05 - 3.33 = 1.72 (prec: 4)
2026/04/27 08:16:33 [LOG] Mul: 5.05 * 3.33 = 16.8165 (prec: 4)
2026/04/27 08:16:33 [LOG] Div: 5.05 / 3.33 = 1.5165 (prec: 4)
2026/04/27 08:44:10 [LOG] Sum: 5.05 + 3.33 = 8.38 (prec: 2)
2026/04/27 08:44:10 [LOG] Sub: 5.05 - 3.33 = 1.72 (prec: 2)
2026/04/27 08:44:10 [LOG] Mul: 5.05 * 3.33 = 16.82 (prec: 2)
2026/04/27 08:44:10 [LOG] Div: 5.05 / 3.33 = 1.52 (prec: 2)
2026/04/27 08:44:10 [LOG] Sum: 5.05 + 3.33 = 8.38 (prec: 2)
2026/04/27 08:44:10 [LOG] Sub: 5.05 - 3.33 = 1.72 (prec: 2)
2026/04/27 08:44:10 [LOG] Mul: 5.05 * 3.33 = 16.82 (prec: 2)
2026/04/27 08:44:10 [LOG] Div: 5.05 / 3.33 = 1.52 (prec: 2)
2026/04/27 08:44:11 [LOG] Precision set to 3
2026/04/27 08:44:11 [LOG] Sum: 5.05 + 3.33 = 8.38 (prec: 3)
2026/04/27 08:44:11 [LOG] Sub: 5.05 - 3.33 = 1.72 (prec: 3)
2026/04/27 08:44:11 [LOG] Mul: 5.05 * 3.33 = 16.817 (prec: 3)
2026/04/27 08:44:11 [LOG] Div: 5.05 / 3.33 = 1.517 (prec: 3)
2026/04/27 08:44:11 [LOG] Precision set to 1
2026/04/27 08:44:11 [LOG] Sum: 5.05 + 3.33 = 8.4 (prec: 1)
2026/04/27 08:44:11 [LOG] Sub: 5.05 - 3.33 = 1.7 (prec: 1)
2026/04/27 08:44:11 [LOG] Mul: 5.05 * 3.33 = 16.8 (prec: 1)
2026/04/27 08:44:11 [LOG] Div: 5.05 / 3.33 = 1.5 (prec: 1)
2026/04/27 08:44:11 [LOG] Precision set to 4
2026/04/27 08:44:11 [LOG] Sum: 5.05 + 3.33 = 8.38 (prec: 4)
2026/04/27 08:44:11 [LOG] Sub: 5.05 - 3.33 = 1.72 (prec: 4)
2026/04/27 08:44:11 [LOG] Mul: 5.05 * 3.33 = 16.8165 (prec: 4)
2026/04/27 08:44:11 [LOG] Div: 5.05 / 3.33 = 1.5165 (prec: 4)
2026/04/27 08:44:59 [LOG] Sum: 5.05 + 3.33 = 8.38 (prec: 4)
2026/04/27 08:44:59 [LOG] Sub: 5.05 - 3.33 = 1.72 (prec: 4)
2026/04/27 08:44:59 [LOG] Mul: 5.05 * 3.33 = 16.8165 (prec: 4)
2026/04/27 08:44:59 [LOG] Div: 5.05 / 3.33 = 1.5165 (prec: 4)
2026/04/27 08:44:59 [LOG] Sum: 5.05 + 3.33 = 8.38 (prec: 4)
2026/04/27 08:44:59 [LOG] Sub: 5.05 - 3.33 = 1.72 (prec: 4)
2026/04/27 08:44:59 [LOG] Mul: 5.05 * 3.33 = 16.8165 (prec: 4)
2026/04/27 08:45:00 [LOG] Div: 5.05 / 3.33 = 1.5165 (prec: 4)
2026/04/27 08:45:00 [LOG] Precision set to 3
2026/04/27 08:45:00 [LOG] Sum: 5.05 + 3.33 = 8.38 (prec: 3)
2026/04/27 08:45:00 [LOG] Sub: 5.05 - 3.33 = 1.72 (prec: 3)
2026/04/27 08:45:00 [LOG] Mul: 5.05 * 3.33 = 16.817 (prec: 3)
2026/04/27 08:45:00 [LOG] Div: 5.05 / 3.33 = 1.517 (prec: 3)
2026/04/27 08:45:00 [LOG] Precision set to 1
2026/04/27 08:45:00 [LOG] Sum: 5.05 + 3.33 = 8.4 (prec: 1)
2026/04/27 08:45:00 [LOG] Sub: 5.05 - 3.33 = 1.7 (prec: 1)
2026/04/27 08:45:00 [LOG] Mul: 5.05 * 3.33 = 16.8 (prec: 1)
2026/04/27 08:45:00 [LOG] Div: 5.05 / 3.33 = 1.5 (prec: 1)
2026/04/27 08:45:00 [LOG] Precision set to 1
2026/04/27 08:45:00 [LOG] Sum: 5.05 + 3.33 = 8.4 (prec: 1)
